app/build/outputs/mapping/debug/seeds.txt
com.fitzay.workouttracker.strengthtraining.ui.activities.ExitScreenActivity
com.fitzay.workouttracker.strengthtraining.ui.questions.start.HeightandWeightAct
com.fitzay.workouttracker.strengthtraining.ui.stepcounter.StepWeeklyFragment
com.fitzay.workouttracker.strengthtraining.ui.fragments.PlanFragment
com.fitzay.workouttracker.strengthtraining.DataBinderMapperImpl
com.fitzay.workouttracker.strengthtraining.ui.stepcounter.ChartHoverModel
com.fitzay.workouttracker.strengthtraining.ui.fragments.UnlockPremiumBottomFragment
com.fitzay.workouttracker.strengthtraining.ui.questions.start.TargetWeightActivity
com.fitzay.workouttracker.strengthtraining.ui.stepcounter.StepCounterActivity
com.fitzay.workouttracker.strengthtraining.ui.questions.start.PartShouldFocusActivity
com.fitzay.workouttracker.strengthtraining.ui.quotes.QuotesCategoryActivity
com.fitzay.workouttracker.strengthtraining.ui.waterintake.WaterIntakeActivity
com.fitzay.workouttracker.strengthtraining.data.model.Alarm
com.fitzay.workouttracker.strengthtraining.data.datasource.Database_Impl
com.fitzay.workouttracker.strengthtraining.ui.waterintake.CupCapacityActivity
com.fitzay.workouttracker.strengthtraining.ui.questions.start.AskingHeightActivity
com.fitzay.workouttracker.strengthtraining.ui.activities.SingleExerciseActivity
com.fitzay.workouttracker.strengthtraining.ui.activities.BmiAct
com.fitzay.workouttracker.strengthtraining.core.utils.WaterIntakeNotificationReceiver
com.fitzay.workouttracker.strengthtraining.ui.fragments.ProfileFragment
com.fitzay.workouttracker.strengthtraining.ui.sleeptacker.SleepSummaryActivity
com.fitzay.workouttracker.strengthtraining.ui.activities.FullbodyWorkoutActivity
com.fitzay.workouttracker.strengthtraining.core.utils.AlarmReceiver
com.fitzay.workouttracker.strengthtraining.domain.remote.FitzayCompareModel
com.fitzay.workouttracker.strengthtraining.data.model.Sleep
com.fitzay.workouttracker.strengthtraining.data.datasource.Database
com.fitzay.workouttracker.strengthtraining.ui.stepcounter.StepSummeryActivity
com.fitzay.workouttracker.strengthtraining.ui.sleeptacker.PlayAlarmActivity
com.fitzay.workouttracker.strengthtraining.ui.viewmodels.AlarmViewModel
com.fitzay.workouttracker.strengthtraining.ui.sleeptacker.SleepTrackerHomeScreen
com.fitzay.workouttracker.strengthtraining.ui.activities.LanguageAct
com.fitzay.workouttracker.strengthtraining.ui.sleeptacker.SleepTrackerActivity
com.fitzay.workouttracker.strengthtraining.ui.quotes.DisplayQuoteActivity
com.fitzay.workouttracker.strengthtraining.ui.questions.start.AskingAgeActivity
com.fitzay.workouttracker.strengthtraining.ui.activities.PremiumActivity
com.fitzay.workouttracker.strengthtraining.ui.stepcounter.StepCounterSensor
com.fitzay.workouttracker.strengthtraining.ui.fragments.WorkoutFragment
com.fitzay.workouttracker.strengthtraining.core.ads.OpenAd
com.fitzay.workouttracker.strengthtraining.ui.questions.start.AskingWeightActivity
com.fitzay.workouttracker.strengthtraining.ui.questions.start.GenderActivity
com.fitzay.workouttracker.strengthtraining.ui.fragments.WeeklyFragment
com.fitzay.workouttracker.strengthtraining.ui.MainActivity
com.fitzay.workouttracker.strengthtraining.ui.stepcounter.StepDailyFragment
com.fitzay.workouttracker.strengthtraining.ui.activities.ProfileAct
com.fitzay.workouttracker.strengthtraining.ui.fragments.GraphFragment
com.fitzay.workouttracker.strengthtraining.ui.activities.ExerciseActivity
com.fitzay.workouttracker.strengthtraining.ui.fragments.DailyFragment
com.fitzay.workouttracker.strengthtraining.ui.activities.PersonalizedWorkAct
com.fitzay.workouttracker.strengthtraining.ui.questions.start.PushUpsDoActivity
com.fitzay.workouttracker.strengthtraining.ui.viewmodels.SleepViewModel
com.fitzay.workouttracker.strengthtraining.ui.fragments.MonthlyFragment
com.fitzay.workouttracker.strengthtraining.ui.activities.LoadingActivity
com.fitzay.workouttracker.strengthtraining.ui.activities.DisplayWorkoutsActivity
...
kotlin.reflect.jvm.internal.impl.load.java.structure.LightClassOriginKind: kotlin.reflect.jvm.internal.impl.load.java.structure.LightClassOriginKind valueOf(java.lang.String)
com.google.android.material.search.SearchBar: java.lang.CharSequence getText()
androidx.appcompat.widget.SwitchCompat: int getThumbScrollRange()
com.google.android.gms.internal.ads.zzfnf: zzfnf()
com.google.android.gms.internal.ads.zzes: void zzi(android.opengl.EGLDisplay,android.opengl.EGLSurface)
com.google.android.material.navigation.NavigationBarMenuView: void setItemTextAppearanceActive(int)
androidx.core.view.WindowInsetsCompat$BuilderImpl: void applyInsetTypes()
com.google.android.material.bottomappbar.BottomAppBar: int getLeftInset()
com.google.android.material.bottomappbar.BottomAppBar: float getFabCradleRoundedCornerRadius()
com.google.android.material.floatingactionbutton.FloatingActionButton: void setBackgroundTintMode(android.graphics.PorterDuff$Mode)
androidx.appcompat.widget.AppCompatButton: int getAutoSizeMaxTextSize()
androidx.compose.animation.core.AnimationEndReason: androidx.compose.animation.core.AnimationEndReason valueOf(java.lang.String)
com.google.android.gms.internal.ads.zzfha: zzfha()
com.airbnb.lottie.model.content.ShapeStroke$LineCapType: com.airbnb.lottie.model.content.ShapeStroke$LineCapType valueOf(java.lang.String)
nl.joery.timerangepicker.TimeRangePicker: void set_thumbColor(int)
androidx.constraintlayout.helper.widget.Flow: void setPadding(int)
com.google.android.gms.internal.ads.zzbeo: zzbeo()
androidx.core.view.ViewGroupCompat$Api21Impl: int getNestedScrollAxes(android.view.ViewGroup)
com.google.android.material.ripple.RippleUtils$RippleUtilsLollipop: android.graphics.drawable.Drawable createOvalRipple(android.content.Context,int)
com.google.android.gms.internal.ads.zzbfg: zzbfg()
androidx.core.widget.ImageViewCompat$Api21Impl: void setImageTintList(android.widget.ImageView,android.content.res.ColorStateList)
androidx.compose.ui.node.Ref: Ref()
com.google.android.material.floatingactionbutton.FloatingActionButton: void setCompatPressedTranslationZ(float)
androidx.compose.ui.graphics.Outline: Outline()
androidx.appcompat.widget.AppCompatSpinner: void setBackgroundDrawable(android.graphics.drawable.Drawable)
com.google.android.gms.internal.play_billing.zzbs: zzbs()
com.google.android.gms.internal.ads.zzhfg: zzhfg()
com.google.android.material.appbar.AppBarLayout: void setLiftOnScrollTargetView(android.view.View)
com.google.android.gms.measurement.internal.AppMeasurementDynamiteService: void onActivityCreated(com.google.android.gms.dynamic.IObjectWrapper,android.os.Bundle,long)
com.google.android.gms.measurement.internal.zzaj: com.google.android.gms.measurement.internal.zzaj[] values()
androidx.core.view.ViewCompat$Api20Impl: android.view.WindowInsets onApplyWindowInsets(android.view.View,android.view.WindowInsets)
nl.joery.timerangepicker.TimeRangePicker: java.lang.Integer getSliderRangeGradientStart()
androidx.appcompat.widget.Toolbar: void setOnMenuItemClickListener(androidx.appcompat.widget.Toolbar$OnMenuItemClickListener)
com.google.android.gms.internal.ads.zzasg: zzasg()
nl.joery.timerangepicker.TimeRangePicker: int getClockLabelColor()
nl.joery.timerangepicker.TimeRangePicker: int getClockLabelSize()
com.github.mikephil.charting.charts.BarLineChartBase: void setDragOffsetX(float)
androidx.core.view.accessibility.AccessibilityNodeInfoCompat$Api33Impl: android.view.accessibility.AccessibilityNodeInfo$ExtraRenderingInfo getExtraRenderingInfo(android.view.accessibility.AccessibilityNodeInfo)
kotlin.jvm.internal.ReflectionFactory: ReflectionFactory()
com.google.android.gms.measurement.internal.zzih$zza: com.google.android.gms.measurement.internal.zzih$zza[] values()
com.google.android.gms.ads.mediation.MediationInterstitialAdapter: void onDestroy()
androidx.appcompat.widget.ActionBarContextView: void setVisibility(int)
androidx.constraintlayout.widget.ConstraintLayout: void setOptimizationLevel(int)